<?xml version="1.0" encoding="UTF-8"?>
<testng-results skipped="0" failed="0" ignored="0" total="1" passed="1">
  <reporter-output>
    <line>
      <![CDATA[user selects[[ChromeDriver: chrome on XP (1ff7cf214450273cd4666a0ea161ffa0)] -> css selector: [id=DepartDate]]As Departure date]]>
    </line>
    <line>
      <![CDATA[user selects[[ChromeDriver: chrome on XP (1ff7cf214450273cd4666a0ea161ffa0)] -> css selector: [id=ReturnDate]]As Return date]]>
    </line>
    <line>
      <![CDATA[user selects[[ChromeDriver: chrome on XP (cd33a0b3f06b0042faea3d474aff34f4)] -> css selector: [id=DepartDate]]As Departure date]]>
    </line>
  </reporter-output>
  <suite name="Surefire suite" duration-ms="241121" started-at="2018-10-23T15:57:41Z" finished-at="2018-10-23T16:01:42Z">
    <groups>
      <group name="cucumber">
        <method signature="AbstractTestNGCucumberTests.feature(cucumber.api.testng.CucumberFeatureWrapper)[pri:0, instance:runner.Runner@5ec0a365]" name="feature" class="cucumber.api.testng.AbstractTestNGCucumberTests"/>
      </group> <!-- cucumber -->
    </groups>
    <test name="Surefire test" duration-ms="241121" started-at="2018-10-23T15:57:41Z" finished-at="2018-10-23T16:01:42Z">
      <class name="runner.Runner">
        <test-method status="PASS" signature="setUpClass()[pri:0, instance:runner.Runner@5ec0a365]" name="setUpClass" is-config="true" duration-ms="238" started-at="2018-10-23T15:57:41Z" finished-at="2018-10-23T15:57:41Z">
          <reporter-output>
          </reporter-output>
        </test-method> <!-- setUpClass -->
        <test-method status="PASS" signature="feature(cucumber.api.testng.CucumberFeatureWrapper)[pri:0, instance:runner.Runner@5ec0a365]" name="feature" duration-ms="240764" started-at="2018-10-23T15:57:42Z" description="Runs Cucumber Feature" data-provider="features" finished-at="2018-10-23T16:01:42Z">
          <params>
            <param index="0">
              <value>
                <![CDATA[search flight]]>
              </value>
            </param>
          </params>
          <reporter-output>
            <line>
              <![CDATA[user selects[[ChromeDriver: chrome on XP (1ff7cf214450273cd4666a0ea161ffa0)] -> css selector: [id=DepartDate]]As Departure date]]>
            </line>
            <line>
              <![CDATA[user selects[[ChromeDriver: chrome on XP (1ff7cf214450273cd4666a0ea161ffa0)] -> css selector: [id=ReturnDate]]As Return date]]>
            </line>
            <line>
              <![CDATA[user selects[[ChromeDriver: chrome on XP (cd33a0b3f06b0042faea3d474aff34f4)] -> css selector: [id=DepartDate]]As Departure date]]>
            </line>
          </reporter-output>
        </test-method> <!-- feature -->
        <test-method status="PASS" signature="tearDownClass()[pri:0, instance:runner.Runner@5ec0a365]" name="tearDownClass" is-config="true" duration-ms="34" started-at="2018-10-23T16:01:42Z" finished-at="2018-10-23T16:01:42Z">
          <reporter-output>
          </reporter-output>
        </test-method> <!-- tearDownClass -->
      </class> <!-- runner.Runner -->
    </test> <!-- Surefire test -->
  </suite> <!-- Surefire suite -->
</testng-results>
