<?xml version="1.0" encoding="UTF-8"?>
<testng-results skipped="0" failed="0" ignored="0" total="1" passed="1">
  <reporter-output>
  </reporter-output>
  <suite name="Surefire suite" duration-ms="101130" started-at="2018-10-20T09:36:13Z" finished-at="2018-10-20T09:37:54Z">
    <groups>
      <group name="cucumber">
        <method signature="AbstractTestNGCucumberTests.feature(cucumber.api.testng.CucumberFeatureWrapper)[pri:0, instance:runner.Runner@2ac273d3]" name="feature" class="cucumber.api.testng.AbstractTestNGCucumberTests"/>
      </group> <!-- cucumber -->
    </groups>
    <test name="Surefire test" duration-ms="101130" started-at="2018-10-20T09:36:13Z" finished-at="2018-10-20T09:37:54Z">
      <class name="runner.Runner">
        <test-method status="PASS" signature="setUpClass()[pri:0, instance:runner.Runner@2ac273d3]" name="setUpClass" is-config="true" duration-ms="206" started-at="2018-10-20T09:36:13Z" finished-at="2018-10-20T09:36:13Z">
          <reporter-output>
          </reporter-output>
        </test-method> <!-- setUpClass -->
        <test-method status="PASS" signature="feature(cucumber.api.testng.CucumberFeatureWrapper)[pri:0, instance:runner.Runner@2ac273d3]" name="feature" duration-ms="100845" started-at="2018-10-20T09:36:13Z" description="Runs Cucumber Feature" data-provider="features" finished-at="2018-10-20T09:37:54Z">
          <params>
            <param index="0">
              <value>
                <![CDATA[search flight]]>
              </value>
            </param>
          </params>
          <reporter-output>
          </reporter-output>
        </test-method> <!-- feature -->
        <test-method status="PASS" signature="tearDownClass()[pri:0, instance:runner.Runner@2ac273d3]" name="tearDownClass" is-config="true" duration-ms="4" started-at="2018-10-20T09:37:54Z" finished-at="2018-10-20T09:37:54Z">
          <reporter-output>
          </reporter-output>
        </test-method> <!-- tearDownClass -->
      </class> <!-- runner.Runner -->
    </test> <!-- Surefire test -->
  </suite> <!-- Surefire suite -->
</testng-results>
