<?xml version="1.0" encoding="UTF-8"?>
<testng-results skipped="0" failed="0" ignored="0" total="1" passed="1">
  <reporter-output>
    <line>
      <![CDATA[user selects[[ChromeDriver: chrome on XP (43497d12d0a974d92505563a74181ebf)] -> css selector: [id=DepartDate]]As Departure date]]>
    </line>
    <line>
      <![CDATA[user selects[[ChromeDriver: chrome on XP (43497d12d0a974d92505563a74181ebf)] -> css selector: [id=ReturnDate]]As Return date]]>
    </line>
    <line>
      <![CDATA[user selects[[ChromeDriver: chrome on XP (b2f1120ffbac9b46b254c5d8cd471758)] -> css selector: [id=DepartDate]]As Departure date]]>
    </line>
  </reporter-output>
  <suite name="Default suite" duration-ms="167477" started-at="2018-10-24T09:48:06Z" finished-at="2018-10-24T09:50:54Z">
    <groups>
      <group name="cucumber">
        <method signature="AbstractTestNGCucumberTests.feature(cucumber.api.testng.CucumberFeatureWrapper)[pri:0, instance:runner.Runner@b59d31]" name="feature" class="cucumber.api.testng.AbstractTestNGCucumberTests"/>
      </group> <!-- cucumber -->
    </groups>
    <test name="Default test" duration-ms="167477" started-at="2018-10-24T09:48:06Z" finished-at="2018-10-24T09:50:54Z">
      <class name="runner.Runner">
        <test-method status="PASS" signature="setUpClass()[pri:0, instance:runner.Runner@b59d31]" name="setUpClass" is-config="true" duration-ms="249" started-at="2018-10-24T09:48:06Z" finished-at="2018-10-24T09:48:07Z">
          <reporter-output>
          </reporter-output>
        </test-method> <!-- setUpClass -->
        <test-method status="PASS" signature="feature(cucumber.api.testng.CucumberFeatureWrapper)[pri:0, instance:runner.Runner@b59d31]" name="feature" duration-ms="167094" started-at="2018-10-24T09:48:07Z" description="Runs Cucumber Feature" data-provider="features" finished-at="2018-10-24T09:50:54Z">
          <params>
            <param index="0">
              <value>
                <![CDATA[search flight]]>
              </value>
            </param>
          </params>
          <reporter-output>
            <line>
              <![CDATA[user selects[[ChromeDriver: chrome on XP (43497d12d0a974d92505563a74181ebf)] -> css selector: [id=DepartDate]]As Departure date]]>
            </line>
            <line>
              <![CDATA[user selects[[ChromeDriver: chrome on XP (43497d12d0a974d92505563a74181ebf)] -> css selector: [id=ReturnDate]]As Return date]]>
            </line>
            <line>
              <![CDATA[user selects[[ChromeDriver: chrome on XP (b2f1120ffbac9b46b254c5d8cd471758)] -> css selector: [id=DepartDate]]As Departure date]]>
            </line>
          </reporter-output>
        </test-method> <!-- feature -->
        <test-method status="PASS" signature="tearDownClass()[pri:0, instance:runner.Runner@b59d31]" name="tearDownClass" is-config="true" duration-ms="15" started-at="2018-10-24T09:50:54Z" finished-at="2018-10-24T09:50:54Z">
          <reporter-output>
          </reporter-output>
        </test-method> <!-- tearDownClass -->
      </class> <!-- runner.Runner -->
    </test> <!-- Default test -->
  </suite> <!-- Default suite -->
</testng-results>
